<?xml version="1.0" encoding="UTF-8"?>
<testsuite name="EmployeePayrollServiceTest" tests="1" skipped="0" failures="0" errors="0" timestamp="2021-06-28T13:24:47" hostname="DESKTOP-9KBRA3G" time="0.748">
  <properties/>
  <testcase name="givenEmployeeDataInJSONServer_WhenRetrieved_ShouldMatchTheCount" classname="EmployeePayrollServiceTest" time="0.748"/>
  <system-out><![CDATA[EMPLOYEE PAYROLL IN JSONServer: 
[
  {
    "id": 1,
    "name": "ABCD",
    "company": "bl"
  },
  {
    "id": 2,
    "name": "amol",
    "company": "bl"
  }
]
]]></system-out>
  <system-err><![CDATA[]]></system-err>
</testsuite>
