<?xml version="1.0" encoding="UTF-8"?>
<testsuite name="EmployeePayrollServiceTest" tests="1" skipped="0" failures="0" errors="0" timestamp="2021-06-29T04:19:08" hostname="DESKTOP-9KBRA3G" time="0.794">
  <properties/>
  <testcase name="givenNewSalaryForEmployee_WHenUpdated_ShouldMatch200Response" classname="EmployeePayrollServiceTest" time="0.794"/>
  <system-out><![CDATA[EMPLOYEE PAYROLL IN JSONServer: 
[
  {
    "id": 1,
    "name": "Jeff Bezos",
    "gender": "M",
    "salary": 100000,
    "startData": {
      "year": 2020,
      "month": 11,
      "day": 1
    }
  },
  {
    "id": 2,
    "name": "Bill Gates",
    "gender": "M",
    "salary": 200000,
    "startData": {
      "year": 2020,
      "month": 11,
      "day": 1
    }
  },
  {
    "id": 3,
    "name": "Mark Zuckerberg",
    "gender": "M",
    "salary": 300000,
    "startDate": {
      "year": 2021,
      "month": 6,
      "day": 29
    }
  },
  {
    "id": 4,
    "name": "Sunder",
    "gender": "M",
    "salary": 600000,
    "startDate": {
      "year": 2021,
      "month": 6,
      "day": 29
    }
  },
  {
    "id": 5,
    "name": "Mukesh",
    "gender": "M",
    "salary": 1000000,
    "startDate": {
      "year": 2021,
      "month": 6,
      "day": 29
    }
  },
  {
    "id": 6,
    "name": "Anil",
    "gender": "M",
    "salary": 200000,
    "startDate": {
      "year": 2021,
      "month": 6,
      "day": 29
    }
  }
]
]]></system-out>
  <system-err><![CDATA[]]></system-err>
</testsuite>
