<?xml version="1.0" encoding="UTF-8"?>
<testsuite name="NIOFileAPITest" tests="1" skipped="0" failures="0" errors="0" timestamp="2021-06-17T17:19:19" hostname="DESKTOP-BS45UV7" time="0.157">
  <properties/>
  <testcase name="numberOfEmployeeEntryTest" classname="NIOFileAPITest" time="0.157"/>
  <system-out><![CDATA[EmployeePayrollData{id=1, name='Jeff Bezos', salary=100000.0}
EmployeePayrollData{id=2, name='Bill Gates', salary=200000.0}
EmployeePayrollData{id=3, name='Mark Zuckerberg', salary=300000.0}
No of Entries in the File : 3

]]></system-out>
  <system-err><![CDATA[]]></system-err>
</testsuite>
