<?xml version="1.0" encoding="UTF-8"?>
<testsuite name="NIOFileAPITest" tests="2" skipped="0" failures="0" errors="0" timestamp="2021-06-17T16:33:53" hostname="DESKTOP-BS45UV7" time="0.431">
  <properties/>
  <testcase name="givenPath_WhenChecked_ThenConfirm" classname="NIOFileAPITest" time="0.189"/>
  <testcase name="numberOfEmployeeEntryTest" classname="NIOFileAPITest" time="0.241"/>
  <system-out><![CDATA[C:\Users\Durga Prasath\IdeaProjects\FilesCreated\PLAY_WITH_NIO\temp1
C:\Users\Durga Prasath\IdeaProjects\FilesCreated\PLAY_WITH_NIO\temp2
C:\Users\Durga Prasath\IdeaProjects\FilesCreated\PLAY_WITH_NIO\temp3
C:\Users\Durga Prasath\IdeaProjects\FilesCreated\PLAY_WITH_NIO\temp4
C:\Users\Durga Prasath\IdeaProjects\FilesCreated\PLAY_WITH_NIO\temp5
C:\Users\Durga Prasath\IdeaProjects\FilesCreated\PLAY_WITH_NIO\temp6
C:\Users\Durga Prasath\IdeaProjects\FilesCreated\PLAY_WITH_NIO\temp7
C:\Users\Durga Prasath\IdeaProjects\FilesCreated\PLAY_WITH_NIO\temp8
C:\Users\Durga Prasath\IdeaProjects\FilesCreated\PLAY_WITH_NIO\temp9
C:\Users\Durga Prasath\IdeaProjects\FilesCreated\PLAY_WITH_NIO\temp1
C:\Users\Durga Prasath\IdeaProjects\FilesCreated\PLAY_WITH_NIO\temp2
C:\Users\Durga Prasath\IdeaProjects\FilesCreated\PLAY_WITH_NIO\temp3
C:\Users\Durga Prasath\IdeaProjects\FilesCreated\PLAY_WITH_NIO\temp4
C:\Users\Durga Prasath\IdeaProjects\FilesCreated\PLAY_WITH_NIO\temp5
C:\Users\Durga Prasath\IdeaProjects\FilesCreated\PLAY_WITH_NIO\temp6
C:\Users\Durga Prasath\IdeaProjects\FilesCreated\PLAY_WITH_NIO\temp7
C:\Users\Durga Prasath\IdeaProjects\FilesCreated\PLAY_WITH_NIO\temp8
C:\Users\Durga Prasath\IdeaProjects\FilesCreated\PLAY_WITH_NIO\temp9
]]></system-out>
  <system-err><![CDATA[]]></system-err>
</testsuite>
